[0.101s] DEBUG:colcon:Command line arguments: ['/usr/bin/colcon', 'build', '--packages-select', 'robot_interface']
[0.101s] DEBUG:colcon:Parsed command line arguments: Namespace(log_base=None, log_level=None, verb_name='build', build_base='build', install_base='install', merge_install=False, symlink_install=False, test_result_base=None, continue_on_error=False, executor='parallel', parallel_workers=12, event_handlers=None, ignore_user_meta=False, metas=['./colcon.meta'], base_paths=['.'], packages_ignore=None, packages_ignore_regex=None, paths=None, packages_up_to=None, packages_up_to_regex=None, packages_above=None, packages_above_and_dependencies=None, packages_above_depth=None, packages_select_by_dep=None, packages_skip_by_dep=None, packages_skip_up_to=None, packages_select_build_failed=False, packages_skip_build_finished=False, packages_select_test_failures=False, packages_skip_test_passed=False, packages_select=['robot_interface'], packages_skip=None, packages_select_regex=None, packages_skip_regex=None, packages_start=None, packages_end=None, allow_overriding=[], cmake_args=None, cmake_target=None, cmake_target_skip_unavailable=False, cmake_clean_cache=False, cmake_clean_first=False, cmake_force_configure=False, ament_cmake_args=None, catkin_cmake_args=None, catkin_skip_building_tests=False, verb_parser=<colcon_defaults.argument_parser.defaults.DefaultArgumentsDecorator object at 0x7df075261060>, verb_extension=<colcon_core.verb.build.BuildVerb object at 0x7df075260b50>, main=<bound method BuildVerb.main of <colcon_core.verb.build.BuildVerb object at 0x7df075260b50>>)
[0.350s] Level 1:colcon.colcon_core.package_discovery:discover_packages(colcon_meta) check parameters
[0.350s] Level 1:colcon.colcon_core.package_discovery:discover_packages(recursive) check parameters
[0.351s] Level 1:colcon.colcon_core.package_discovery:discover_packages(ignore) check parameters
[0.351s] Level 1:colcon.colcon_core.package_discovery:discover_packages(path) check parameters
[0.351s] Level 1:colcon.colcon_core.package_discovery:discover_packages(colcon_meta) discover
[0.351s] Level 1:colcon.colcon_core.package_discovery:discover_packages(recursive) discover
[0.351s] INFO:colcon.colcon_core.package_discovery:Crawling recursively for packages in '/home/nemo/ros2_ws/src/robot_mission_recorder'
[0.351s] Level 1:colcon.colcon_core.package_identification:_identify(.) by extensions ['ignore', 'ignore_ament_install']
[0.351s] Level 1:colcon.colcon_core.package_identification:_identify(.) by extension 'ignore'
[0.351s] Level 1:colcon.colcon_core.package_identification:_identify(.) by extension 'ignore_ament_install'
[0.351s] Level 1:colcon.colcon_core.package_identification:_identify(.) by extensions ['colcon_pkg']
[0.351s] Level 1:colcon.colcon_core.package_identification:_identify(.) by extension 'colcon_pkg'
[0.351s] Level 1:colcon.colcon_core.package_identification:_identify(.) by extensions ['colcon_meta']
[0.351s] Level 1:colcon.colcon_core.package_identification:_identify(.) by extension 'colcon_meta'
[0.351s] Level 1:colcon.colcon_core.package_identification:_identify(.) by extensions ['ros']
[0.351s] Level 1:colcon.colcon_core.package_identification:_identify(.) by extension 'ros'
[0.363s] Level 1:colcon.colcon_core.package_identification:_identify(.) by extensions ['cmake', 'python']
[0.363s] Level 1:colcon.colcon_core.package_identification:_identify(.) by extension 'cmake'
[0.363s] Level 1:colcon.colcon_core.package_identification:_identify(.) by extension 'python'
[0.363s] Level 1:colcon.colcon_core.package_identification:_identify(.) by extensions ['python_setup_py']
[0.363s] Level 1:colcon.colcon_core.package_identification:_identify(.) by extension 'python_setup_py'
[0.364s] Level 1:colcon.colcon_core.package_identification:_identify(bag_recorder_node) by extensions ['ignore', 'ignore_ament_install']
[0.364s] Level 1:colcon.colcon_core.package_identification:_identify(bag_recorder_node) by extension 'ignore'
[0.364s] Level 1:colcon.colcon_core.package_identification:_identify(bag_recorder_node) by extension 'ignore_ament_install'
[0.364s] Level 1:colcon.colcon_core.package_identification:_identify(bag_recorder_node) by extensions ['colcon_pkg']
[0.364s] Level 1:colcon.colcon_core.package_identification:_identify(bag_recorder_node) by extension 'colcon_pkg'
[0.364s] Level 1:colcon.colcon_core.package_identification:_identify(bag_recorder_node) by extensions ['colcon_meta']
[0.364s] Level 1:colcon.colcon_core.package_identification:_identify(bag_recorder_node) by extension 'colcon_meta'
[0.364s] Level 1:colcon.colcon_core.package_identification:_identify(bag_recorder_node) by extensions ['ros']
[0.364s] Level 1:colcon.colcon_core.package_identification:_identify(bag_recorder_node) by extension 'ros'
[0.367s] DEBUG:colcon.colcon_core.package_identification:Package 'bag_recorder_node' with type 'ros.ament_python' and name 'bag_recorder_node'
[0.367s] Level 1:colcon.colcon_core.package_identification:_identify(build) by extensions ['ignore', 'ignore_ament_install']
[0.367s] Level 1:colcon.colcon_core.package_identification:_identify(build) by extension 'ignore'
[0.367s] Level 1:colcon.colcon_core.package_identification:_identify(build) ignored
[0.368s] Level 1:colcon.colcon_core.package_identification:_identify(install) by extensions ['ignore', 'ignore_ament_install']
[0.368s] Level 1:colcon.colcon_core.package_identification:_identify(install) by extension 'ignore'
[0.368s] Level 1:colcon.colcon_core.package_identification:_identify(install) ignored
[0.368s] Level 1:colcon.colcon_core.package_identification:_identify(log) by extensions ['ignore', 'ignore_ament_install']
[0.368s] Level 1:colcon.colcon_core.package_identification:_identify(log) by extension 'ignore'
[0.368s] Level 1:colcon.colcon_core.package_identification:_identify(log) ignored
[0.368s] Level 1:colcon.colcon_core.package_identification:_identify(mission_executor_node) by extensions ['ignore', 'ignore_ament_install']
[0.368s] Level 1:colcon.colcon_core.package_identification:_identify(mission_executor_node) by extension 'ignore'
[0.368s] Level 1:colcon.colcon_core.package_identification:_identify(mission_executor_node) by extension 'ignore_ament_install'
[0.368s] Level 1:colcon.colcon_core.package_identification:_identify(mission_executor_node) by extensions ['colcon_pkg']
[0.368s] Level 1:colcon.colcon_core.package_identification:_identify(mission_executor_node) by extension 'colcon_pkg'
[0.368s] Level 1:colcon.colcon_core.package_identification:_identify(mission_executor_node) by extensions ['colcon_meta']
[0.368s] Level 1:colcon.colcon_core.package_identification:_identify(mission_executor_node) by extension 'colcon_meta'
[0.368s] Level 1:colcon.colcon_core.package_identification:_identify(mission_executor_node) by extensions ['ros']
[0.368s] Level 1:colcon.colcon_core.package_identification:_identify(mission_executor_node) by extension 'ros'
[0.369s] DEBUG:colcon.colcon_core.package_identification:Package 'mission_executor_node' with type 'ros.ament_cmake' and name 'mission_executor_node'
[0.369s] Level 1:colcon.colcon_core.package_identification:_identify(mission_monitor_node) by extensions ['ignore', 'ignore_ament_install']
[0.369s] Level 1:colcon.colcon_core.package_identification:_identify(mission_monitor_node) by extension 'ignore'
[0.369s] Level 1:colcon.colcon_core.package_identification:_identify(mission_monitor_node) by extension 'ignore_ament_install'
[0.369s] Level 1:colcon.colcon_core.package_identification:_identify(mission_monitor_node) by extensions ['colcon_pkg']
[0.369s] Level 1:colcon.colcon_core.package_identification:_identify(mission_monitor_node) by extension 'colcon_pkg'
[0.369s] Level 1:colcon.colcon_core.package_identification:_identify(mission_monitor_node) by extensions ['colcon_meta']
[0.369s] Level 1:colcon.colcon_core.package_identification:_identify(mission_monitor_node) by extension 'colcon_meta'
[0.369s] Level 1:colcon.colcon_core.package_identification:_identify(mission_monitor_node) by extensions ['ros']
[0.369s] Level 1:colcon.colcon_core.package_identification:_identify(mission_monitor_node) by extension 'ros'
[0.370s] DEBUG:colcon.colcon_core.package_identification:Package 'mission_monitor_node' with type 'ros.ament_python' and name 'mission_monitor_node'
[0.370s] Level 1:colcon.colcon_core.package_identification:_identify(robot_bringup) by extensions ['ignore', 'ignore_ament_install']
[0.370s] Level 1:colcon.colcon_core.package_identification:_identify(robot_bringup) by extension 'ignore'
[0.370s] Level 1:colcon.colcon_core.package_identification:_identify(robot_bringup) by extension 'ignore_ament_install'
[0.370s] Level 1:colcon.colcon_core.package_identification:_identify(robot_bringup) by extensions ['colcon_pkg']
[0.370s] Level 1:colcon.colcon_core.package_identification:_identify(robot_bringup) by extension 'colcon_pkg'
[0.370s] Level 1:colcon.colcon_core.package_identification:_identify(robot_bringup) by extensions ['colcon_meta']
[0.370s] Level 1:colcon.colcon_core.package_identification:_identify(robot_bringup) by extension 'colcon_meta'
[0.370s] Level 1:colcon.colcon_core.package_identification:_identify(robot_bringup) by extensions ['ros']
[0.370s] Level 1:colcon.colcon_core.package_identification:_identify(robot_bringup) by extension 'ros'
[0.371s] DEBUG:colcon.colcon_core.package_identification:Package 'robot_bringup' with type 'ros.ament_cmake' and name 'robot_bringup'
[0.371s] Level 1:colcon.colcon_core.package_identification:_identify(robot_interface) by extensions ['ignore', 'ignore_ament_install']
[0.371s] Level 1:colcon.colcon_core.package_identification:_identify(robot_interface) by extension 'ignore'
[0.371s] Level 1:colcon.colcon_core.package_identification:_identify(robot_interface) by extension 'ignore_ament_install'
[0.371s] Level 1:colcon.colcon_core.package_identification:_identify(robot_interface) by extensions ['colcon_pkg']
[0.371s] Level 1:colcon.colcon_core.package_identification:_identify(robot_interface) by extension 'colcon_pkg'
[0.371s] Level 1:colcon.colcon_core.package_identification:_identify(robot_interface) by extensions ['colcon_meta']
[0.371s] Level 1:colcon.colcon_core.package_identification:_identify(robot_interface) by extension 'colcon_meta'
[0.371s] Level 1:colcon.colcon_core.package_identification:_identify(robot_interface) by extensions ['ros']
[0.371s] Level 1:colcon.colcon_core.package_identification:_identify(robot_interface) by extension 'ros'
[0.372s] DEBUG:colcon.colcon_core.package_identification:Failed to parse potential ROS package manifest in'robot_interface': Error(s) in package 'robot_interface/package.xml':
The manifest contains invalid XML:
mismatched tag: line 22, column 2
[0.372s] Level 1:colcon.colcon_core.package_identification:_identify(robot_interface) by extensions ['cmake', 'python']
[0.372s] Level 1:colcon.colcon_core.package_identification:_identify(robot_interface) by extension 'cmake'
[0.373s] Level 1:colcon.colcon_core.package_identification:_identify(robot_interface) by extension 'python'
[0.373s] DEBUG:colcon.colcon_core.package_identification:Package 'robot_interface' with type 'cmake' and name 'robot_interface'
[0.373s] Level 1:colcon.colcon_core.package_discovery:discover_packages(recursive) using defaults
[0.373s] Level 1:colcon.colcon_core.package_discovery:discover_packages(ignore) discover
[0.373s] Level 1:colcon.colcon_core.package_discovery:discover_packages(ignore) using defaults
[0.373s] Level 1:colcon.colcon_core.package_discovery:discover_packages(path) discover
[0.373s] Level 1:colcon.colcon_core.package_discovery:discover_packages(path) using defaults
[0.397s] INFO:colcon.colcon_core.package_selection:Skipping not selected package 'bag_recorder_node' in 'bag_recorder_node'
[0.397s] INFO:colcon.colcon_core.package_selection:Skipping not selected package 'robot_bringup' in 'robot_bringup'
[0.397s] INFO:colcon.colcon_core.package_selection:Skipping not selected package 'mission_executor_node' in 'mission_executor_node'
[0.397s] INFO:colcon.colcon_core.package_selection:Skipping not selected package 'mission_monitor_node' in 'mission_monitor_node'
[0.398s] Level 1:colcon.colcon_core.package_discovery:discover_packages(prefix_path) check parameters
[0.398s] Level 1:colcon.colcon_core.package_discovery:discover_packages(prefix_path) discover
[0.404s] DEBUG:colcon.colcon_installed_package_information.package_discovery:Found 7 installed packages in /home/nemo/ros2_ws/install
[0.405s] DEBUG:colcon.colcon_installed_package_information.package_discovery:Found 1 installed packages in /home/nemo/install
[0.406s] DEBUG:colcon.colcon_installed_package_information.package_discovery:Found 273 installed packages in /opt/ros/humble
[0.412s] Level 1:colcon.colcon_core.package_discovery:discover_packages(prefix_path) using defaults
[0.444s] WARNING:colcon.colcon_core.package_selection:Some selected packages are already built in one or more underlay workspaces:
	'robot_interface' is in: /home/nemo/ros2_ws/install/robot_interface
If a package in a merged underlay workspace is overridden and it installs headers, then all packages in the overlay must sort their include directories by workspace order. Failure to do so may result in build failures or undefined behavior at run time.
If the overridden package is used by another package in any underlay, then the overriding package in the overlay must be API and ABI compatible or undefined behavior at run time may occur.

If you understand the risks and want to override a package anyways, add the following to the command line:
	--allow-overriding robot_interface

This may be promoted to an error in a future release of colcon-override-check.
[0.444s] Level 5:colcon.colcon_core.verb:set package 'robot_interface' build argument 'cmake_args' from command line to 'None'
[0.444s] Level 5:colcon.colcon_core.verb:set package 'robot_interface' build argument 'cmake_target' from command line to 'None'
[0.444s] Level 5:colcon.colcon_core.verb:set package 'robot_interface' build argument 'cmake_target_skip_unavailable' from command line to 'False'
[0.444s] Level 5:colcon.colcon_core.verb:set package 'robot_interface' build argument 'cmake_clean_cache' from command line to 'False'
[0.444s] Level 5:colcon.colcon_core.verb:set package 'robot_interface' build argument 'cmake_clean_first' from command line to 'False'
[0.444s] Level 5:colcon.colcon_core.verb:set package 'robot_interface' build argument 'cmake_force_configure' from command line to 'False'
[0.444s] Level 5:colcon.colcon_core.verb:set package 'robot_interface' build argument 'ament_cmake_args' from command line to 'None'
[0.444s] Level 5:colcon.colcon_core.verb:set package 'robot_interface' build argument 'catkin_cmake_args' from command line to 'None'
[0.444s] Level 5:colcon.colcon_core.verb:set package 'robot_interface' build argument 'catkin_skip_building_tests' from command line to 'False'
[0.444s] DEBUG:colcon.colcon_core.verb:Building package 'robot_interface' with the following arguments: {'ament_cmake_args': None, 'build_base': '/home/nemo/ros2_ws/src/robot_mission_recorder/build/robot_interface', 'catkin_cmake_args': None, 'catkin_skip_building_tests': False, 'cmake_args': None, 'cmake_clean_cache': False, 'cmake_clean_first': False, 'cmake_force_configure': False, 'cmake_target': None, 'cmake_target_skip_unavailable': False, 'install_base': '/home/nemo/ros2_ws/src/robot_mission_recorder/install/robot_interface', 'merge_install': False, 'path': '/home/nemo/ros2_ws/src/robot_mission_recorder/robot_interface', 'symlink_install': False, 'test_result_base': None}
[0.445s] INFO:colcon.colcon_core.executor:Executing jobs using 'parallel' executor
[0.445s] DEBUG:colcon.colcon_parallel_executor.executor.parallel:run_until_complete
[0.446s] INFO:colcon.colcon_cmake.task.cmake.build:Building CMake package in '/home/nemo/ros2_ws/src/robot_mission_recorder/robot_interface'
[0.453s] INFO:colcon.colcon_core.plugin_system:Skipping extension 'colcon_core.shell.bat': Not used on non-Windows systems
[0.453s] INFO:colcon.colcon_core.shell:Skip shell extension 'powershell' for command environment: Not usable outside of PowerShell
[0.453s] DEBUG:colcon.colcon_core.shell:Skip shell extension 'dsv' for command environment
[0.463s] DEBUG:colcon.colcon_core.event_handler.log_command:Invoking command in '/home/nemo/ros2_ws/src/robot_mission_recorder/build/robot_interface': /usr/bin/cmake /home/nemo/ros2_ws/src/robot_mission_recorder/robot_interface -DCMAKE_INSTALL_PREFIX=/home/nemo/ros2_ws/src/robot_mission_recorder/install/robot_interface
[1.955s] DEBUG:colcon.colcon_core.event_handler.log_command:Invoked command in '/home/nemo/ros2_ws/src/robot_mission_recorder/build/robot_interface' returned '1': /usr/bin/cmake /home/nemo/ros2_ws/src/robot_mission_recorder/robot_interface -DCMAKE_INSTALL_PREFIX=/home/nemo/ros2_ws/src/robot_mission_recorder/install/robot_interface
[1.965s] DEBUG:colcon.colcon_parallel_executor.executor.parallel:closing loop
[1.965s] DEBUG:colcon.colcon_parallel_executor.executor.parallel:loop closed
[1.965s] DEBUG:colcon.colcon_parallel_executor.executor.parallel:run_until_complete finished with '1'
[1.965s] DEBUG:colcon.colcon_core.event_reactor:joining thread
[1.987s] INFO:colcon.colcon_core.plugin_system:Skipping extension 'colcon_notification.desktop_notification.notify_send': Could not find 'notify-send'
[1.987s] INFO:colcon.colcon_core.plugin_system:Skipping extension 'colcon_notification.desktop_notification.terminal_notifier': Not used on non-Darwin systems
[1.987s] INFO:colcon.colcon_core.plugin_system:Skipping extension 'colcon_notification.desktop_notification.win32': Not used on non-Windows systems
[1.988s] INFO:colcon.colcon_notification.desktop_notification:Sending desktop notification using 'notify2'
[1.988s] DEBUG:colcon.colcon_notification.desktop_notification.notify2:Failed to initialize notify2: org.freedesktop.DBus.Error.FileNotFound: Failed to connect to socket /run/user/1000/bus: No such file or directory
[1.988s] DEBUG:colcon.colcon_core.event_reactor:joined thread
[1.988s] INFO:colcon.colcon_core.shell:Creating prefix script '/home/nemo/ros2_ws/src/robot_mission_recorder/install/local_setup.ps1'
[1.989s] INFO:colcon.colcon_core.shell:Creating prefix util module '/home/nemo/ros2_ws/src/robot_mission_recorder/install/_local_setup_util_ps1.py'
[1.991s] INFO:colcon.colcon_core.shell:Creating prefix chain script '/home/nemo/ros2_ws/src/robot_mission_recorder/install/setup.ps1'
[1.992s] INFO:colcon.colcon_core.shell:Creating prefix script '/home/nemo/ros2_ws/src/robot_mission_recorder/install/local_setup.sh'
[1.992s] INFO:colcon.colcon_core.shell:Creating prefix util module '/home/nemo/ros2_ws/src/robot_mission_recorder/install/_local_setup_util_sh.py'
[1.993s] INFO:colcon.colcon_core.shell:Creating prefix chain script '/home/nemo/ros2_ws/src/robot_mission_recorder/install/setup.sh'
[1.994s] INFO:colcon.colcon_core.shell:Creating prefix script '/home/nemo/ros2_ws/src/robot_mission_recorder/install/local_setup.bash'
[1.994s] INFO:colcon.colcon_core.shell:Creating prefix chain script '/home/nemo/ros2_ws/src/robot_mission_recorder/install/setup.bash'
[1.995s] INFO:colcon.colcon_core.shell:Creating prefix script '/home/nemo/ros2_ws/src/robot_mission_recorder/install/local_setup.zsh'
[1.996s] INFO:colcon.colcon_core.shell:Creating prefix chain script '/home/nemo/ros2_ws/src/robot_mission_recorder/install/setup.zsh'
