[0.017s] Invoking command in '/home/nemo/ros2_ws/src/robot_mission_recorder/build/robot_interface': /usr/bin/cmake /home/nemo/ros2_ws/src/robot_mission_recorder/robot_interface -DCMAKE_INSTALL_PREFIX=/home/nemo/ros2_ws/src/robot_mission_recorder/install/robot_interface
[0.215s] -- The C compiler identification is GNU 11.4.0
[0.465s] -- The CXX compiler identification is GNU 11.4.0
[0.587s] -- Detecting C compiler ABI info
[0.688s] -- Detecting C compiler ABI info - done
[0.693s] -- Check for working C compiler: /usr/bin/cc - skipped
[0.693s] -- Detecting C compile features
[0.694s] -- Detecting C compile features - done
[0.697s] -- Detecting CXX compiler ABI info
[0.799s] -- Detecting CXX compiler ABI info - done
[0.804s] -- Check for working CXX compiler: /usr/bin/c++ - skipped
[0.804s] -- Detecting CXX compile features
[0.805s] -- Detecting CXX compile features - done
[0.823s] -- Found ament_cmake: 1.3.14 (/opt/ros/humble/share/ament_cmake/cmake)
[0.953s] -- Found Python3: /usr/bin/python3 (found version "3.10.12") found components: Interpreter 
[1.056s] -- Found rosidl_default_generators: 1.2.1 (/opt/ros/humble/share/rosidl_default_generators/cmake)
[1.065s] -- Using all available rosidl_typesupport_c: rosidl_typesupport_fastrtps_c;rosidl_typesupport_introspection_c
[1.075s] -- Found rosidl_adapter: 3.1.8 (/opt/ros/humble/share/rosidl_adapter/cmake)
[1.193s] -- Using all available rosidl_typesupport_cpp: rosidl_typesupport_fastrtps_cpp;rosidl_typesupport_introspection_cpp
[1.441s] Error parsing '/home/nemo/ros2_ws/src/robot_mission_recorder/robot_interface/package.xml':
[1.486s] Traceback (most recent call last):
[1.486s]   File "/usr/lib/python3/dist-packages/catkin_pkg/package.py", line 610, in parse_package_string
[1.487s]     root = dom.parseString(data)
[1.487s]   File "/usr/lib/python3.10/xml/dom/minidom.py", line 1995, in parseString
[1.488s]     return expatbuilder.parseString(string)
[1.488s]   File "/usr/lib/python3.10/xml/dom/expatbuilder.py", line 925, in parseString
[1.488s]     return builder.parseString(string)
[1.489s]   File "/usr/lib/python3.10/xml/dom/expatbuilder.py", line 223, in parseString
[1.489s]     parser.Parse(string, True)
[1.489s] xml.parsers.expat.ExpatError: mismatched tag: line 22, column 2
[1.489s] 
[1.489s] During handling of the above exception, another exception occurred:
[1.489s] 
[1.489s] Traceback (most recent call last):
[1.489s]   File "/opt/ros/humble/share/ament_cmake_core/cmake/core/package_xml_2_cmake.py", line 150, in <module>
[1.489s]     main()
[1.489s]   File "/opt/ros/humble/share/ament_cmake_core/cmake/core/package_xml_2_cmake.py", line 53, in main
[1.489s]     raise e
[1.489s]   File "/opt/ros/humble/share/ament_cmake_core/cmake/core/package_xml_2_cmake.py", line 49, in main
[1.489s]     package = parse_package_string(
[1.489s]   File "/usr/lib/python3/dist-packages/catkin_pkg/package.py", line 612, in parse_package_string
[1.489s]     raise InvalidPackage('The manifest contains invalid XML:\n%s' % ex, filename)
[1.489s] catkin_pkg.package.InvalidPackage: Error(s) in package '/home/nemo/ros2_ws/src/robot_mission_recorder/robot_interface/package.xml':
[1.489s] The manifest contains invalid XML:
[1.489s] mismatched tag: line 22, column 2
[1.500s] [31mCMake Error at /opt/ros/humble/share/ament_cmake_core/cmake/core/ament_package_xml.cmake:95 (message):
[1.500s]   execute_process(/usr/bin/python3
[1.500s]   /opt/ros/humble/share/ament_cmake_core/cmake/core/package_xml_2_cmake.py
[1.500s]   /home/nemo/ros2_ws/src/robot_mission_recorder/robot_interface/package.xml
[1.500s]   /home/nemo/ros2_ws/src/robot_mission_recorder/build/robot_interface/ament_cmake_core/package.cmake)
[1.500s]   returned error code 1
[1.500s] Call Stack (most recent call first):
[1.500s]   /opt/ros/humble/share/ament_cmake_core/cmake/core/ament_package_xml.cmake:49 (_ament_package_xml)
[1.500s]   /opt/ros/humble/share/rosidl_cmake/cmake/rosidl_generate_interfaces.cmake:226 (ament_package_xml)
[1.500s]   CMakeLists.txt:12 (rosidl_generate_interfaces)
[1.500s] 
[1.501s] [0m
[1.501s] -- Configuring incomplete, errors occurred!
[1.501s] See also "/home/nemo/ros2_ws/src/robot_mission_recorder/build/robot_interface/CMakeFiles/CMakeOutput.log".
[1.508s] Invoked command in '/home/nemo/ros2_ws/src/robot_mission_recorder/build/robot_interface' returned '1': /usr/bin/cmake /home/nemo/ros2_ws/src/robot_mission_recorder/robot_interface -DCMAKE_INSTALL_PREFIX=/home/nemo/ros2_ws/src/robot_mission_recorder/install/robot_interface
