-- Found ament_cmake: 1.3.14 (/opt/ros/humble/share/ament_cmake/cmake)
-- Found rosidl_default_generators: 1.2.1 (/opt/ros/humble/share/rosidl_default_generators/cmake)
-- Using all available rosidl_typesupport_c: rosidl_typesupport_fastrtps_c;rosidl_typesupport_introspection_c
-- Found rosidl_adapter: 3.1.8 (/opt/ros/humble/share/rosidl_adapter/cmake)
-- Using all available rosidl_typesupport_cpp: rosidl_typesupport_fastrtps_cpp;rosidl_typesupport_introspection_cpp
-- Found ament_cmake_ros: 0.10.0 (/opt/ros/humble/share/ament_cmake_ros/cmake)
-- Using all available rosidl_typesupport_c: rosidl_typesupport_fastrtps_c;rosidl_typesupport_introspection_c
-- Using all available rosidl_typesupport_cpp: rosidl_typesupport_fastrtps_cpp;rosidl_typesupport_introspection_cpp
-- Found PythonInterp: /usr/bin/python3 (found suitable version "3.10.12", minimum required is "3.6") 
-- Found python_cmake_module: 0.10.0 (/opt/ros/humble/share/python_cmake_module/cmake)
-- Found PythonLibs: /usr/lib/x86_64-linux-gnu/libpython3.10.so (found suitable version "3.10.12", minimum required is "3.5") 
-- Using PYTHON_EXECUTABLE: /usr/bin/python3
-- Using PYTHON_INCLUDE_DIRS: /usr/include/python3.10
-- Using PYTHON_LIBRARIES: /usr/lib/x86_64-linux-gnu/libpython3.10.so
-- Found PythonExtra: .so  
-- Found ament_lint_auto: 0.12.15 (/opt/ros/humble/share/ament_lint_auto/cmake)
-- Added test 'lint_cmake' to check CMake code style
-- Added test 'xmllint' to check XML markup files
-- Configuring done
-- Generating done
-- Build files have been written to: /home/nemo/ros2_ws/src/robot_mission_recorder/build/robot_interface
[  3%] [34m[1mGenerating C code for ROS interfaces[0m
[  6%] [34m[1mGenerating Rust code for ROS interfaces[0m
[  9%] [34m[1mGenerating C++ code for ROS interfaces[0m
[  9%] Built target ament_cmake_python_copy_robot_interface
[  9%] Built target robot_interface__rs
running egg_info
creating robot_interface.egg-info
writing robot_interface.egg-info/PKG-INFO
writing dependency_links to robot_interface.egg-info/dependency_links.txt
writing top-level names to robot_interface.egg-info/top_level.txt
writing manifest file 'robot_interface.egg-info/SOURCES.txt'
reading manifest file 'robot_interface.egg-info/SOURCES.txt'
writing manifest file 'robot_interface.egg-info/SOURCES.txt'
[  9%] Built target ament_cmake_python_build_robot_interface_egg
[  9%] Built target robot_interface__cpp
[ 12%] [32mBuilding C object CMakeFiles/robot_interface__rosidl_generator_c.dir/rosidl_generator_c/robot_interface/action/detail/execute_mission__functions.c.o[0m
[ 18%] [34m[1mGenerating C++ type support for eProsima Fast-RTPS[0m
[ 18%] [34m[1mGenerating C++ introspection for ROS interfaces[0m
[ 21%] [34m[1mGenerating C++ type support dispatch for ROS interfaces[0m
[ 25%] [32m[1mLinking C shared library librobot_interface__rosidl_generator_c.so[0m
[ 28%] [32mBuilding CXX object CMakeFiles/robot_interface__rosidl_typesupport_cpp.dir/rosidl_typesupport_cpp/robot_interface/action/execute_mission__type_support.cpp.o[0m
[ 28%] Built target robot_interface__rosidl_generator_c
[ 34%] [34m[1mGenerating C introspection for ROS interfaces[0m
[ 34%] [34m[1mGenerating C type support dispatch for ROS interfaces[0m
[ 37%] [34m[1mGenerating C type support for eProsima Fast-RTPS[0m
[ 40%] [32mBuilding CXX object CMakeFiles/robot_interface__rosidl_typesupport_introspection_cpp.dir/rosidl_typesupport_introspection_cpp/robot_interface/action/detail/execute_mission__type_support.cpp.o[0m
[ 43%] [32mBuilding CXX object CMakeFiles/robot_interface__rosidl_typesupport_fastrtps_cpp.dir/rosidl_typesupport_fastrtps_cpp/robot_interface/action/detail/dds_fastrtps/execute_mission__type_support.cpp.o[0m
[ 46%] [32mBuilding CXX object CMakeFiles/robot_interface__rosidl_typesupport_c.dir/rosidl_typesupport_c/robot_interface/action/execute_mission__type_support.cpp.o[0m
[ 50%] [32m[1mLinking CXX shared library librobot_interface__rosidl_typesupport_c.so[0m
[ 53%] [32mBuilding C object CMakeFiles/robot_interface__rosidl_typesupport_introspection_c.dir/rosidl_typesupport_introspection_c/robot_interface/action/detail/execute_mission__type_support.c.o[0m
[ 56%] [32mBuilding CXX object CMakeFiles/robot_interface__rosidl_typesupport_fastrtps_c.dir/rosidl_typesupport_fastrtps_c/robot_interface/action/detail/execute_mission__type_support_c.cpp.o[0m
[ 59%] [32m[1mLinking C shared library librobot_interface__rosidl_typesupport_introspection_c.so[0m
[ 59%] Built target robot_interface__rosidl_typesupport_c
[ 59%] Built target robot_interface__rosidl_typesupport_introspection_c
[ 62%] [32m[1mLinking CXX shared library librobot_interface__rosidl_typesupport_cpp.so[0m
[ 65%] [32m[1mLinking CXX shared library librobot_interface__rosidl_typesupport_introspection_cpp.so[0m
[ 65%] Built target robot_interface__rosidl_typesupport_cpp
[ 68%] [32m[1mLinking CXX shared library librobot_interface__rosidl_typesupport_fastrtps_cpp.so[0m
[ 68%] Built target robot_interface__rosidl_typesupport_introspection_cpp
[ 71%] [32m[1mLinking CXX shared library librobot_interface__rosidl_typesupport_fastrtps_c.so[0m
[ 71%] Built target robot_interface__rosidl_typesupport_fastrtps_cpp
[ 71%] Built target robot_interface__rosidl_typesupport_fastrtps_c
[ 71%] Built target robot_interface
[ 75%] [34m[1mGenerating Python code for ROS interfaces[0m
[ 75%] Built target robot_interface__py
[ 78%] [32mBuilding C object CMakeFiles/robot_interface__rosidl_generator_py.dir/rosidl_generator_py/robot_interface/action/_execute_mission_s.c.o[0m
[ 81%] [32m[1mLinking C shared library rosidl_generator_py/robot_interface/librobot_interface__rosidl_generator_py.so[0m
[ 81%] Built target robot_interface__rosidl_generator_py
[ 84%] [32mBuilding C object CMakeFiles/robot_interface__rosidl_typesupport_introspection_c__pyext.dir/rosidl_generator_py/robot_interface/_robot_interface_s.ep.rosidl_typesupport_introspection_c.c.o[0m
[ 87%] [32mBuilding C object CMakeFiles/robot_interface__rosidl_typesupport_c__pyext.dir/rosidl_generator_py/robot_interface/_robot_interface_s.ep.rosidl_typesupport_c.c.o[0m
[ 90%] [32mBuilding C object CMakeFiles/robot_interface__rosidl_typesupport_fastrtps_c__pyext.dir/rosidl_generator_py/robot_interface/_robot_interface_s.ep.rosidl_typesupport_fastrtps_c.c.o[0m
[ 93%] [32m[1mLinking C shared library rosidl_generator_py/robot_interface/robot_interface_s__rosidl_typesupport_c.cpython-310-x86_64-linux-gnu.so[0m
[ 96%] [32m[1mLinking C shared library rosidl_generator_py/robot_interface/robot_interface_s__rosidl_typesupport_fastrtps_c.cpython-310-x86_64-linux-gnu.so[0m
[100%] [32m[1mLinking C shared library rosidl_generator_py/robot_interface/robot_interface_s__rosidl_typesupport_introspection_c.cpython-310-x86_64-linux-gnu.so[0m
[100%] Built target robot_interface__rosidl_typesupport_c__pyext
[100%] Built target robot_interface__rosidl_typesupport_fastrtps_c__pyext
[100%] Built target robot_interface__rosidl_typesupport_introspection_c__pyext
-- Install configuration: ""
-- Installing: /home/nemo/ros2_ws/src/robot_mission_recorder/install/robot_interface/share/ament_index/resource_index/rosidl_interfaces/robot_interface
-- Installing: /home/nemo/ros2_ws/src/robot_mission_recorder/install/robot_interface/include/robot_interface/robot_interface
-- Installing: /home/nemo/ros2_ws/src/robot_mission_recorder/install/robot_interface/include/robot_interface/robot_interface/msg
-- Installing: /home/nemo/ros2_ws/src/robot_mission_recorder/install/robot_interface/include/robot_interface/robot_interface/msg/rosidl_generator_c__visibility_control.h
-- Installing: /home/nemo/ros2_ws/src/robot_mission_recorder/install/robot_interface/include/robot_interface/robot_interface/action
-- Installing: /home/nemo/ros2_ws/src/robot_mission_recorder/install/robot_interface/include/robot_interface/robot_interface/action/execute_mission.h
-- Installing: /home/nemo/ros2_ws/src/robot_mission_recorder/install/robot_interface/include/robot_interface/robot_interface/action/detail
-- Installing: /home/nemo/ros2_ws/src/robot_mission_recorder/install/robot_interface/include/robot_interface/robot_interface/action/detail/execute_mission__struct.h
-- Installing: /home/nemo/ros2_ws/src/robot_mission_recorder/install/robot_interface/include/robot_interface/robot_interface/action/detail/execute_mission__functions.h
-- Installing: /home/nemo/ros2_ws/src/robot_mission_recorder/install/robot_interface/include/robot_interface/robot_interface/action/detail/execute_mission__type_support.h
-- Installing: /home/nemo/ros2_ws/src/robot_mission_recorder/install/robot_interface/include/robot_interface/robot_interface/action/detail/execute_mission__functions.c
-- Installing: /home/nemo/ros2_ws/src/robot_mission_recorder/install/robot_interface/share/robot_interface/environment/library_path.sh
-- Installing: /home/nemo/ros2_ws/src/robot_mission_recorder/install/robot_interface/share/robot_interface/environment/library_path.dsv
-- Installing: /home/nemo/ros2_ws/src/robot_mission_recorder/install/robot_interface/lib/librobot_interface__rosidl_generator_c.so
-- Set runtime path of "/home/nemo/ros2_ws/src/robot_mission_recorder/install/robot_interface/lib/librobot_interface__rosidl_generator_c.so" to ""
-- Up-to-date: /home/nemo/ros2_ws/src/robot_mission_recorder/install/robot_interface/include/robot_interface/robot_interface
-- Up-to-date: /home/nemo/ros2_ws/src/robot_mission_recorder/install/robot_interface/include/robot_interface/robot_interface/msg
-- Installing: /home/nemo/ros2_ws/src/robot_mission_recorder/install/robot_interface/include/robot_interface/robot_interface/msg/rosidl_typesupport_fastrtps_c__visibility_control.h
-- Up-to-date: /home/nemo/ros2_ws/src/robot_mission_recorder/install/robot_interface/include/robot_interface/robot_interface/action
-- Up-to-date: /home/nemo/ros2_ws/src/robot_mission_recorder/install/robot_interface/include/robot_interface/robot_interface/action/detail
-- Installing: /home/nemo/ros2_ws/src/robot_mission_recorder/install/robot_interface/include/robot_interface/robot_interface/action/detail/execute_mission__rosidl_typesupport_fastrtps_c.h
-- Installing: /home/nemo/ros2_ws/src/robot_mission_recorder/install/robot_interface/lib/librobot_interface__rosidl_typesupport_fastrtps_c.so
-- Set runtime path of "/home/nemo/ros2_ws/src/robot_mission_recorder/install/robot_interface/lib/librobot_interface__rosidl_typesupport_fastrtps_c.so" to ""
-- Up-to-date: /home/nemo/ros2_ws/src/robot_mission_recorder/install/robot_interface/include/robot_interface/robot_interface
-- Up-to-date: /home/nemo/ros2_ws/src/robot_mission_recorder/install/robot_interface/include/robot_interface/robot_interface/msg
-- Installing: /home/nemo/ros2_ws/src/robot_mission_recorder/install/robot_interface/include/robot_interface/robot_interface/msg/rosidl_typesupport_introspection_c__visibility_control.h
-- Up-to-date: /home/nemo/ros2_ws/src/robot_mission_recorder/install/robot_interface/include/robot_interface/robot_interface/action
-- Up-to-date: /home/nemo/ros2_ws/src/robot_mission_recorder/install/robot_interface/include/robot_interface/robot_interface/action/detail
-- Installing: /home/nemo/ros2_ws/src/robot_mission_recorder/install/robot_interface/include/robot_interface/robot_interface/action/detail/execute_mission__rosidl_typesupport_introspection_c.h
-- Installing: /home/nemo/ros2_ws/src/robot_mission_recorder/install/robot_interface/include/robot_interface/robot_interface/action/detail/execute_mission__type_support.c
-- Installing: /home/nemo/ros2_ws/src/robot_mission_recorder/install/robot_interface/lib/librobot_interface__rosidl_typesupport_introspection_c.so
-- Set runtime path of "/home/nemo/ros2_ws/src/robot_mission_recorder/install/robot_interface/lib/librobot_interface__rosidl_typesupport_introspection_c.so" to ""
-- Installing: /home/nemo/ros2_ws/src/robot_mission_recorder/install/robot_interface/lib/librobot_interface__rosidl_typesupport_c.so
-- Set runtime path of "/home/nemo/ros2_ws/src/robot_mission_recorder/install/robot_interface/lib/librobot_interface__rosidl_typesupport_c.so" to ""
-- Up-to-date: /home/nemo/ros2_ws/src/robot_mission_recorder/install/robot_interface/include/robot_interface/robot_interface
-- Up-to-date: /home/nemo/ros2_ws/src/robot_mission_recorder/install/robot_interface/include/robot_interface/robot_interface/msg
-- Installing: /home/nemo/ros2_ws/src/robot_mission_recorder/install/robot_interface/include/robot_interface/robot_interface/msg/rosidl_generator_cpp__visibility_control.hpp
-- Up-to-date: /home/nemo/ros2_ws/src/robot_mission_recorder/install/robot_interface/include/robot_interface/robot_interface/action
-- Installing: /home/nemo/ros2_ws/src/robot_mission_recorder/install/robot_interface/include/robot_interface/robot_interface/action/execute_mission.hpp
-- Up-to-date: /home/nemo/ros2_ws/src/robot_mission_recorder/install/robot_interface/include/robot_interface/robot_interface/action/detail
-- Installing: /home/nemo/ros2_ws/src/robot_mission_recorder/install/robot_interface/include/robot_interface/robot_interface/action/detail/execute_mission__type_support.hpp
-- Installing: /home/nemo/ros2_ws/src/robot_mission_recorder/install/robot_interface/include/robot_interface/robot_interface/action/detail/execute_mission__struct.hpp
-- Installing: /home/nemo/ros2_ws/src/robot_mission_recorder/install/robot_interface/include/robot_interface/robot_interface/action/detail/execute_mission__traits.hpp
-- Installing: /home/nemo/ros2_ws/src/robot_mission_recorder/install/robot_interface/include/robot_interface/robot_interface/action/detail/execute_mission__builder.hpp
-- Up-to-date: /home/nemo/ros2_ws/src/robot_mission_recorder/install/robot_interface/include/robot_interface/robot_interface
-- Up-to-date: /home/nemo/ros2_ws/src/robot_mission_recorder/install/robot_interface/include/robot_interface/robot_interface/msg
-- Installing: /home/nemo/ros2_ws/src/robot_mission_recorder/install/robot_interface/include/robot_interface/robot_interface/msg/rosidl_typesupport_fastrtps_cpp__visibility_control.h
-- Up-to-date: /home/nemo/ros2_ws/src/robot_mission_recorder/install/robot_interface/include/robot_interface/robot_interface/action
-- Up-to-date: /home/nemo/ros2_ws/src/robot_mission_recorder/install/robot_interface/include/robot_interface/robot_interface/action/detail
-- Installing: /home/nemo/ros2_ws/src/robot_mission_recorder/install/robot_interface/include/robot_interface/robot_interface/action/detail/dds_fastrtps
-- Installing: /home/nemo/ros2_ws/src/robot_mission_recorder/install/robot_interface/include/robot_interface/robot_interface/action/detail/execute_mission__rosidl_typesupport_fastrtps_cpp.hpp
-- Installing: /home/nemo/ros2_ws/src/robot_mission_recorder/install/robot_interface/lib/librobot_interface__rosidl_typesupport_fastrtps_cpp.so
-- Set runtime path of "/home/nemo/ros2_ws/src/robot_mission_recorder/install/robot_interface/lib/librobot_interface__rosidl_typesupport_fastrtps_cpp.so" to ""
-- Up-to-date: /home/nemo/ros2_ws/src/robot_mission_recorder/install/robot_interface/include/robot_interface/robot_interface
-- Up-to-date: /home/nemo/ros2_ws/src/robot_mission_recorder/install/robot_interface/include/robot_interface/robot_interface/action
-- Up-to-date: /home/nemo/ros2_ws/src/robot_mission_recorder/install/robot_interface/include/robot_interface/robot_interface/action/detail
-- Installing: /home/nemo/ros2_ws/src/robot_mission_recorder/install/robot_interface/include/robot_interface/robot_interface/action/detail/execute_mission__rosidl_typesupport_introspection_cpp.hpp
-- Installing: /home/nemo/ros2_ws/src/robot_mission_recorder/install/robot_interface/include/robot_interface/robot_interface/action/detail/execute_mission__type_support.cpp
-- Installing: /home/nemo/ros2_ws/src/robot_mission_recorder/install/robot_interface/lib/librobot_interface__rosidl_typesupport_introspection_cpp.so
-- Set runtime path of "/home/nemo/ros2_ws/src/robot_mission_recorder/install/robot_interface/lib/librobot_interface__rosidl_typesupport_introspection_cpp.so" to ""
-- Installing: /home/nemo/ros2_ws/src/robot_mission_recorder/install/robot_interface/lib/librobot_interface__rosidl_typesupport_cpp.so
-- Set runtime path of "/home/nemo/ros2_ws/src/robot_mission_recorder/install/robot_interface/lib/librobot_interface__rosidl_typesupport_cpp.so" to ""
-- Installing: /home/nemo/ros2_ws/src/robot_mission_recorder/install/robot_interface/share/robot_interface/environment/pythonpath.sh
-- Installing: /home/nemo/ros2_ws/src/robot_mission_recorder/install/robot_interface/share/robot_interface/environment/pythonpath.dsv
-- Installing: /home/nemo/ros2_ws/src/robot_mission_recorder/install/robot_interface/local/lib/python3.10/dist-packages/robot_interface-0.0.0-py3.10.egg-info
-- Installing: /home/nemo/ros2_ws/src/robot_mission_recorder/install/robot_interface/local/lib/python3.10/dist-packages/robot_interface-0.0.0-py3.10.egg-info/SOURCES.txt
-- Installing: /home/nemo/ros2_ws/src/robot_mission_recorder/install/robot_interface/local/lib/python3.10/dist-packages/robot_interface-0.0.0-py3.10.egg-info/top_level.txt
-- Installing: /home/nemo/ros2_ws/src/robot_mission_recorder/install/robot_interface/local/lib/python3.10/dist-packages/robot_interface-0.0.0-py3.10.egg-info/PKG-INFO
-- Installing: /home/nemo/ros2_ws/src/robot_mission_recorder/install/robot_interface/local/lib/python3.10/dist-packages/robot_interface-0.0.0-py3.10.egg-info/dependency_links.txt
-- Installing: /home/nemo/ros2_ws/src/robot_mission_recorder/install/robot_interface/local/lib/python3.10/dist-packages/robot_interface
-- Installing: /home/nemo/ros2_ws/src/robot_mission_recorder/install/robot_interface/local/lib/python3.10/dist-packages/robot_interface/robot_interface_s__rosidl_typesupport_c.cpython-310-x86_64-linux-gnu.so
-- Installing: /home/nemo/ros2_ws/src/robot_mission_recorder/install/robot_interface/local/lib/python3.10/dist-packages/robot_interface/_robot_interface_s.ep.rosidl_typesupport_fastrtps_c.c
-- Installing: /home/nemo/ros2_ws/src/robot_mission_recorder/install/robot_interface/local/lib/python3.10/dist-packages/robot_interface/_robot_interface_s.ep.rosidl_typesupport_c.c
-- Installing: /home/nemo/ros2_ws/src/robot_mission_recorder/install/robot_interface/local/lib/python3.10/dist-packages/robot_interface/librobot_interface__rosidl_generator_py.so
-- Installing: /home/nemo/ros2_ws/src/robot_mission_recorder/install/robot_interface/local/lib/python3.10/dist-packages/robot_interface/robot_interface_s__rosidl_typesupport_fastrtps_c.cpython-310-x86_64-linux-gnu.so
-- Installing: /home/nemo/ros2_ws/src/robot_mission_recorder/install/robot_interface/local/lib/python3.10/dist-packages/robot_interface/robot_interface_s__rosidl_typesupport_introspection_c.cpython-310-x86_64-linux-gnu.so
-- Installing: /home/nemo/ros2_ws/src/robot_mission_recorder/install/robot_interface/local/lib/python3.10/dist-packages/robot_interface/__init__.py
-- Installing: /home/nemo/ros2_ws/src/robot_mission_recorder/install/robot_interface/local/lib/python3.10/dist-packages/robot_interface/_robot_interface_s.ep.rosidl_typesupport_introspection_c.c
-- Installing: /home/nemo/ros2_ws/src/robot_mission_recorder/install/robot_interface/local/lib/python3.10/dist-packages/robot_interface/action
-- Installing: /home/nemo/ros2_ws/src/robot_mission_recorder/install/robot_interface/local/lib/python3.10/dist-packages/robot_interface/action/_execute_mission_s.c
-- Installing: /home/nemo/ros2_ws/src/robot_mission_recorder/install/robot_interface/local/lib/python3.10/dist-packages/robot_interface/action/_execute_mission.py
-- Installing: /home/nemo/ros2_ws/src/robot_mission_recorder/install/robot_interface/local/lib/python3.10/dist-packages/robot_interface/action/__init__.py
Listing '/home/nemo/ros2_ws/src/robot_mission_recorder/install/robot_interface/local/lib/python3.10/dist-packages/robot_interface'...
Compiling '/home/nemo/ros2_ws/src/robot_mission_recorder/install/robot_interface/local/lib/python3.10/dist-packages/robot_interface/__init__.py'...
Listing '/home/nemo/ros2_ws/src/robot_mission_recorder/install/robot_interface/local/lib/python3.10/dist-packages/robot_interface/action'...
Compiling '/home/nemo/ros2_ws/src/robot_mission_recorder/install/robot_interface/local/lib/python3.10/dist-packages/robot_interface/action/__init__.py'...
Compiling '/home/nemo/ros2_ws/src/robot_mission_recorder/install/robot_interface/local/lib/python3.10/dist-packages/robot_interface/action/_execute_mission.py'...
-- Installing: /home/nemo/ros2_ws/src/robot_mission_recorder/install/robot_interface/local/lib/python3.10/dist-packages/robot_interface/robot_interface_s__rosidl_typesupport_fastrtps_c.cpython-310-x86_64-linux-gnu.so
-- Set runtime path of "/home/nemo/ros2_ws/src/robot_mission_recorder/install/robot_interface/local/lib/python3.10/dist-packages/robot_interface/robot_interface_s__rosidl_typesupport_fastrtps_c.cpython-310-x86_64-linux-gnu.so" to ""
-- Installing: /home/nemo/ros2_ws/src/robot_mission_recorder/install/robot_interface/local/lib/python3.10/dist-packages/robot_interface/robot_interface_s__rosidl_typesupport_introspection_c.cpython-310-x86_64-linux-gnu.so
-- Set runtime path of "/home/nemo/ros2_ws/src/robot_mission_recorder/install/robot_interface/local/lib/python3.10/dist-packages/robot_interface/robot_interface_s__rosidl_typesupport_introspection_c.cpython-310-x86_64-linux-gnu.so" to ""
-- Installing: /home/nemo/ros2_ws/src/robot_mission_recorder/install/robot_interface/local/lib/python3.10/dist-packages/robot_interface/robot_interface_s__rosidl_typesupport_c.cpython-310-x86_64-linux-gnu.so
-- Set runtime path of "/home/nemo/ros2_ws/src/robot_mission_recorder/install/robot_interface/local/lib/python3.10/dist-packages/robot_interface/robot_interface_s__rosidl_typesupport_c.cpython-310-x86_64-linux-gnu.so" to ""
-- Installing: /home/nemo/ros2_ws/src/robot_mission_recorder/install/robot_interface/lib/librobot_interface__rosidl_generator_py.so
-- Set runtime path of "/home/nemo/ros2_ws/src/robot_mission_recorder/install/robot_interface/lib/librobot_interface__rosidl_generator_py.so" to ""
-- Installing: /home/nemo/ros2_ws/src/robot_mission_recorder/install/robot_interface/share/ament_index/resource_index/rust_packages/robot_interface
-- Installing: /home/nemo/ros2_ws/src/robot_mission_recorder/install/robot_interface/share/robot_interface/rust
-- Installing: /home/nemo/ros2_ws/src/robot_mission_recorder/install/robot_interface/share/robot_interface/rust/Cargo.toml
-- Installing: /home/nemo/ros2_ws/src/robot_mission_recorder/install/robot_interface/share/robot_interface/rust/build.rs
-- Installing: /home/nemo/ros2_ws/src/robot_mission_recorder/install/robot_interface/share/robot_interface/rust/src
-- Installing: /home/nemo/ros2_ws/src/robot_mission_recorder/install/robot_interface/share/robot_interface/rust/src/action.rs
-- Installing: /home/nemo/ros2_ws/src/robot_mission_recorder/install/robot_interface/share/robot_interface/rust/src/lib.rs
-- Installing: /home/nemo/ros2_ws/src/robot_mission_recorder/install/robot_interface/share/robot_interface/rust/src/action
-- Installing: /home/nemo/ros2_ws/src/robot_mission_recorder/install/robot_interface/share/robot_interface/rust/src/action/rmw.rs
-- Installing: /home/nemo/ros2_ws/src/robot_mission_recorder/install/robot_interface/share/robot_interface/action/ExecuteMission.idl
-- Installing: /home/nemo/ros2_ws/src/robot_mission_recorder/install/robot_interface/share/robot_interface/action/ExecuteMission.action
-- Installing: /home/nemo/ros2_ws/src/robot_mission_recorder/install/robot_interface/share/ament_index/resource_index/package_run_dependencies/robot_interface
-- Installing: /home/nemo/ros2_ws/src/robot_mission_recorder/install/robot_interface/share/ament_index/resource_index/parent_prefix_path/robot_interface
-- Installing: /home/nemo/ros2_ws/src/robot_mission_recorder/install/robot_interface/share/robot_interface/environment/ament_prefix_path.sh
-- Installing: /home/nemo/ros2_ws/src/robot_mission_recorder/install/robot_interface/share/robot_interface/environment/ament_prefix_path.dsv
-- Installing: /home/nemo/ros2_ws/src/robot_mission_recorder/install/robot_interface/share/robot_interface/environment/path.sh
-- Installing: /home/nemo/ros2_ws/src/robot_mission_recorder/install/robot_interface/share/robot_interface/environment/path.dsv
-- Installing: /home/nemo/ros2_ws/src/robot_mission_recorder/install/robot_interface/share/robot_interface/local_setup.bash
-- Installing: /home/nemo/ros2_ws/src/robot_mission_recorder/install/robot_interface/share/robot_interface/local_setup.sh
-- Installing: /home/nemo/ros2_ws/src/robot_mission_recorder/install/robot_interface/share/robot_interface/local_setup.zsh
-- Installing: /home/nemo/ros2_ws/src/robot_mission_recorder/install/robot_interface/share/robot_interface/local_setup.dsv
-- Installing: /home/nemo/ros2_ws/src/robot_mission_recorder/install/robot_interface/share/robot_interface/package.dsv
-- Installing: /home/nemo/ros2_ws/src/robot_mission_recorder/install/robot_interface/share/ament_index/resource_index/packages/robot_interface
-- Installing: /home/nemo/ros2_ws/src/robot_mission_recorder/install/robot_interface/share/robot_interface/cmake/export_robot_interface__rosidl_generator_cExport.cmake
-- Installing: /home/nemo/ros2_ws/src/robot_mission_recorder/install/robot_interface/share/robot_interface/cmake/export_robot_interface__rosidl_generator_cExport-noconfig.cmake
-- Installing: /home/nemo/ros2_ws/src/robot_mission_recorder/install/robot_interface/share/robot_interface/cmake/export_robot_interface__rosidl_typesupport_fastrtps_cExport.cmake
-- Installing: /home/nemo/ros2_ws/src/robot_mission_recorder/install/robot_interface/share/robot_interface/cmake/export_robot_interface__rosidl_typesupport_fastrtps_cExport-noconfig.cmake
-- Installing: /home/nemo/ros2_ws/src/robot_mission_recorder/install/robot_interface/share/robot_interface/cmake/robot_interface__rosidl_typesupport_introspection_cExport.cmake
-- Installing: /home/nemo/ros2_ws/src/robot_mission_recorder/install/robot_interface/share/robot_interface/cmake/robot_interface__rosidl_typesupport_introspection_cExport-noconfig.cmake
-- Installing: /home/nemo/ros2_ws/src/robot_mission_recorder/install/robot_interface/share/robot_interface/cmake/robot_interface__rosidl_typesupport_cExport.cmake
-- Installing: /home/nemo/ros2_ws/src/robot_mission_recorder/install/robot_interface/share/robot_interface/cmake/robot_interface__rosidl_typesupport_cExport-noconfig.cmake
-- Installing: /home/nemo/ros2_ws/src/robot_mission_recorder/install/robot_interface/share/robot_interface/cmake/export_robot_interface__rosidl_generator_cppExport.cmake
-- Installing: /home/nemo/ros2_ws/src/robot_mission_recorder/install/robot_interface/share/robot_interface/cmake/export_robot_interface__rosidl_typesupport_fastrtps_cppExport.cmake
-- Installing: /home/nemo/ros2_ws/src/robot_mission_recorder/install/robot_interface/share/robot_interface/cmake/export_robot_interface__rosidl_typesupport_fastrtps_cppExport-noconfig.cmake
-- Installing: /home/nemo/ros2_ws/src/robot_mission_recorder/install/robot_interface/share/robot_interface/cmake/robot_interface__rosidl_typesupport_introspection_cppExport.cmake
-- Installing: /home/nemo/ros2_ws/src/robot_mission_recorder/install/robot_interface/share/robot_interface/cmake/robot_interface__rosidl_typesupport_introspection_cppExport-noconfig.cmake
-- Installing: /home/nemo/ros2_ws/src/robot_mission_recorder/install/robot_interface/share/robot_interface/cmake/robot_interface__rosidl_typesupport_cppExport.cmake
-- Installing: /home/nemo/ros2_ws/src/robot_mission_recorder/install/robot_interface/share/robot_interface/cmake/robot_interface__rosidl_typesupport_cppExport-noconfig.cmake
-- Installing: /home/nemo/ros2_ws/src/robot_mission_recorder/install/robot_interface/share/robot_interface/cmake/export_robot_interface__rosidl_generator_pyExport.cmake
-- Installing: /home/nemo/ros2_ws/src/robot_mission_recorder/install/robot_interface/share/robot_interface/cmake/export_robot_interface__rosidl_generator_pyExport-noconfig.cmake
-- Installing: /home/nemo/ros2_ws/src/robot_mission_recorder/install/robot_interface/share/robot_interface/cmake/rosidl_cmake-extras.cmake
-- Installing: /home/nemo/ros2_ws/src/robot_mission_recorder/install/robot_interface/share/robot_interface/cmake/ament_cmake_export_dependencies-extras.cmake
-- Installing: /home/nemo/ros2_ws/src/robot_mission_recorder/install/robot_interface/share/robot_interface/cmake/ament_cmake_export_include_directories-extras.cmake
-- Installing: /home/nemo/ros2_ws/src/robot_mission_recorder/install/robot_interface/share/robot_interface/cmake/ament_cmake_export_libraries-extras.cmake
-- Installing: /home/nemo/ros2_ws/src/robot_mission_recorder/install/robot_interface/share/robot_interface/cmake/ament_cmake_export_targets-extras.cmake
-- Installing: /home/nemo/ros2_ws/src/robot_mission_recorder/install/robot_interface/share/robot_interface/cmake/rosidl_cmake_export_typesupport_targets-extras.cmake
-- Installing: /home/nemo/ros2_ws/src/robot_mission_recorder/install/robot_interface/share/robot_interface/cmake/rosidl_cmake_export_typesupport_libraries-extras.cmake
-- Installing: /home/nemo/ros2_ws/src/robot_mission_recorder/install/robot_interface/share/robot_interface/cmake/robot_interfaceConfig.cmake
-- Installing: /home/nemo/ros2_ws/src/robot_mission_recorder/install/robot_interface/share/robot_interface/cmake/robot_interfaceConfig-version.cmake
-- Installing: /home/nemo/ros2_ws/src/robot_mission_recorder/install/robot_interface/share/robot_interface/package.xml
