[0.016s] Invoking command in '/home/nemo/ros2_ws/src/robot_mission_recorder/build/robot_interface': CMAKE_PREFIX_PATH=${CMAKE_PREFIX_PATH}:/home/nemo/ros2_ws/install/mission_bringup:/home/nemo/ros2_ws/install/mission_py:/home/nemo/ros2_ws/install/actions_py:/home/nemo/install/my_robot_controller:/opt/ros/humble /usr/bin/cmake /home/nemo/ros2_ws/src/robot_mission_recorder/robot_interface -DCMAKE_INSTALL_PREFIX=/home/nemo/ros2_ws/src/robot_mission_recorder/install/robot_interface
[0.059s] -- Found ament_cmake: 1.3.14 (/opt/ros/humble/share/ament_cmake/cmake)
[0.185s] -- Found rosidl_default_generators: 1.2.1 (/opt/ros/humble/share/rosidl_default_generators/cmake)
[0.188s] -- Using all available rosidl_typesupport_c: rosidl_typesupport_fastrtps_c;rosidl_typesupport_introspection_c
[0.192s] -- Found rosidl_adapter: 3.1.8 (/opt/ros/humble/share/rosidl_adapter/cmake)
[0.291s] -- Using all available rosidl_typesupport_cpp: rosidl_typesupport_fastrtps_cpp;rosidl_typesupport_introspection_cpp
[0.578s] -- Found ament_cmake_ros: 0.10.0 (/opt/ros/humble/share/ament_cmake_ros/cmake)
[0.740s] -- Using all available rosidl_typesupport_c: rosidl_typesupport_fastrtps_c;rosidl_typesupport_introspection_c
[0.937s] -- Using all available rosidl_typesupport_cpp: rosidl_typesupport_fastrtps_cpp;rosidl_typesupport_introspection_cpp
[0.998s] -- Found PythonInterp: /usr/bin/python3 (found suitable version "3.10.12", minimum required is "3.6") 
[1.001s] -- Found python_cmake_module: 0.10.0 (/opt/ros/humble/share/python_cmake_module/cmake)
[1.151s] -- Found PythonLibs: /usr/lib/x86_64-linux-gnu/libpython3.10.so (found suitable version "3.10.12", minimum required is "3.5") 
[1.151s] -- Using PYTHON_EXECUTABLE: /usr/bin/python3
[1.151s] -- Using PYTHON_INCLUDE_DIRS: /usr/include/python3.10
[1.151s] -- Using PYTHON_LIBRARIES: /usr/lib/x86_64-linux-gnu/libpython3.10.so
[1.169s] -- Found PythonExtra: .so  
[1.273s] -- Found ament_lint_auto: 0.12.15 (/opt/ros/humble/share/ament_lint_auto/cmake)
[1.313s] -- Added test 'lint_cmake' to check CMake code style
[1.315s] -- Added test 'xmllint' to check XML markup files
[1.320s] -- Configuring done
[1.379s] -- Generating done
[1.390s] -- Build files have been written to: /home/nemo/ros2_ws/src/robot_mission_recorder/build/robot_interface
[1.401s] Invoked command in '/home/nemo/ros2_ws/src/robot_mission_recorder/build/robot_interface' returned '0': CMAKE_PREFIX_PATH=${CMAKE_PREFIX_PATH}:/home/nemo/ros2_ws/install/mission_bringup:/home/nemo/ros2_ws/install/mission_py:/home/nemo/ros2_ws/install/actions_py:/home/nemo/install/my_robot_controller:/opt/ros/humble /usr/bin/cmake /home/nemo/ros2_ws/src/robot_mission_recorder/robot_interface -DCMAKE_INSTALL_PREFIX=/home/nemo/ros2_ws/src/robot_mission_recorder/install/robot_interface
[1.403s] Invoking command in '/home/nemo/ros2_ws/src/robot_mission_recorder/build/robot_interface': CMAKE_PREFIX_PATH=${CMAKE_PREFIX_PATH}:/home/nemo/ros2_ws/install/mission_bringup:/home/nemo/ros2_ws/install/mission_py:/home/nemo/ros2_ws/install/actions_py:/home/nemo/install/my_robot_controller:/opt/ros/humble /usr/bin/cmake --build /home/nemo/ros2_ws/src/robot_mission_recorder/build/robot_interface -- -j12 -l12
[1.441s] [  3%] [34m[1mGenerating C code for ROS interfaces[0m
[1.449s] [  6%] [34m[1mGenerating Rust code for ROS interfaces[0m
[1.450s] [  9%] [34m[1mGenerating C++ code for ROS interfaces[0m
[1.462s] [  9%] Built target ament_cmake_python_copy_robot_interface
[1.701s] [  9%] Built target robot_interface__rs
[1.701s] running egg_info
[1.702s] creating robot_interface.egg-info
[1.702s] writing robot_interface.egg-info/PKG-INFO
[1.703s] writing dependency_links to robot_interface.egg-info/dependency_links.txt
[1.703s] writing top-level names to robot_interface.egg-info/top_level.txt
[1.703s] writing manifest file 'robot_interface.egg-info/SOURCES.txt'
[1.706s] reading manifest file 'robot_interface.egg-info/SOURCES.txt'
[1.706s] writing manifest file 'robot_interface.egg-info/SOURCES.txt'
[1.728s] [  9%] Built target ament_cmake_python_build_robot_interface_egg
[1.789s] [  9%] Built target robot_interface__cpp
[1.793s] [ 12%] [32mBuilding C object CMakeFiles/robot_interface__rosidl_generator_c.dir/rosidl_generator_c/robot_interface/action/detail/execute_mission__functions.c.o[0m
[1.798s] [ 18%] [34m[1mGenerating C++ type support for eProsima Fast-RTPS[0m
[1.798s] [ 18%] [34m[1mGenerating C++ introspection for ROS interfaces[0m
[1.799s] [ 21%] [34m[1mGenerating C++ type support dispatch for ROS interfaces[0m
[1.955s] [ 25%] [32m[1mLinking C shared library librobot_interface__rosidl_generator_c.so[0m
[2.027s] [ 28%] [32mBuilding CXX object CMakeFiles/robot_interface__rosidl_typesupport_cpp.dir/rosidl_typesupport_cpp/robot_interface/action/execute_mission__type_support.cpp.o[0m
[2.031s] [ 28%] Built target robot_interface__rosidl_generator_c
[2.043s] [ 34%] [34m[1mGenerating C introspection for ROS interfaces[0m
[2.043s] [ 34%] [34m[1mGenerating C type support dispatch for ROS interfaces[0m
[2.043s] [ 37%] [34m[1mGenerating C type support for eProsima Fast-RTPS[0m
[2.059s] [ 40%] [32mBuilding CXX object CMakeFiles/robot_interface__rosidl_typesupport_introspection_cpp.dir/rosidl_typesupport_introspection_cpp/robot_interface/action/detail/execute_mission__type_support.cpp.o[0m
[2.124s] [ 43%] [32mBuilding CXX object CMakeFiles/robot_interface__rosidl_typesupport_fastrtps_cpp.dir/rosidl_typesupport_fastrtps_cpp/robot_interface/action/detail/dds_fastrtps/execute_mission__type_support.cpp.o[0m
[2.306s] [ 46%] [32mBuilding CXX object CMakeFiles/robot_interface__rosidl_typesupport_c.dir/rosidl_typesupport_c/robot_interface/action/execute_mission__type_support.cpp.o[0m
[2.371s] [ 50%] [32m[1mLinking CXX shared library librobot_interface__rosidl_typesupport_c.so[0m
[2.371s] [ 53%] [32mBuilding C object CMakeFiles/robot_interface__rosidl_typesupport_introspection_c.dir/rosidl_typesupport_introspection_c/robot_interface/action/detail/execute_mission__type_support.c.o[0m
[2.399s] [ 56%] [32mBuilding CXX object CMakeFiles/robot_interface__rosidl_typesupport_fastrtps_c.dir/rosidl_typesupport_fastrtps_c/robot_interface/action/detail/execute_mission__type_support_c.cpp.o[0m
[2.430s] [ 59%] [32m[1mLinking C shared library librobot_interface__rosidl_typesupport_introspection_c.so[0m
[2.453s] [ 59%] Built target robot_interface__rosidl_typesupport_c
[2.502s] [ 59%] Built target robot_interface__rosidl_typesupport_introspection_c
[2.577s] [ 62%] [32m[1mLinking CXX shared library librobot_interface__rosidl_typesupport_cpp.so[0m
[2.634s] [ 65%] [32m[1mLinking CXX shared library librobot_interface__rosidl_typesupport_introspection_cpp.so[0m
[2.646s] [ 65%] Built target robot_interface__rosidl_typesupport_cpp
[2.668s] [ 68%] [32m[1mLinking CXX shared library librobot_interface__rosidl_typesupport_fastrtps_cpp.so[0m
[2.727s] [ 68%] Built target robot_interface__rosidl_typesupport_introspection_cpp
[2.733s] [ 71%] [32m[1mLinking CXX shared library librobot_interface__rosidl_typesupport_fastrtps_c.so[0m
[2.757s] [ 71%] Built target robot_interface__rosidl_typesupport_fastrtps_cpp
[2.820s] [ 71%] Built target robot_interface__rosidl_typesupport_fastrtps_c
[2.840s] [ 71%] Built target robot_interface
[2.859s] [ 75%] [34m[1mGenerating Python code for ROS interfaces[0m
[3.327s] [ 75%] Built target robot_interface__py
[3.346s] [ 78%] [32mBuilding C object CMakeFiles/robot_interface__rosidl_generator_py.dir/rosidl_generator_py/robot_interface/action/_execute_mission_s.c.o[0m
[3.493s] [ 81%] [32m[1mLinking C shared library rosidl_generator_py/robot_interface/librobot_interface__rosidl_generator_py.so[0m
[3.558s] [ 81%] Built target robot_interface__rosidl_generator_py
[3.591s] [ 84%] [32mBuilding C object CMakeFiles/robot_interface__rosidl_typesupport_introspection_c__pyext.dir/rosidl_generator_py/robot_interface/_robot_interface_s.ep.rosidl_typesupport_introspection_c.c.o[0m
[3.592s] [ 87%] [32mBuilding C object CMakeFiles/robot_interface__rosidl_typesupport_c__pyext.dir/rosidl_generator_py/robot_interface/_robot_interface_s.ep.rosidl_typesupport_c.c.o[0m
[3.597s] [ 90%] [32mBuilding C object CMakeFiles/robot_interface__rosidl_typesupport_fastrtps_c__pyext.dir/rosidl_generator_py/robot_interface/_robot_interface_s.ep.rosidl_typesupport_fastrtps_c.c.o[0m
[3.722s] [ 93%] [32m[1mLinking C shared library rosidl_generator_py/robot_interface/robot_interface_s__rosidl_typesupport_c.cpython-310-x86_64-linux-gnu.so[0m
[3.724s] [ 96%] [32m[1mLinking C shared library rosidl_generator_py/robot_interface/robot_interface_s__rosidl_typesupport_fastrtps_c.cpython-310-x86_64-linux-gnu.so[0m
[3.731s] [100%] [32m[1mLinking C shared library rosidl_generator_py/robot_interface/robot_interface_s__rosidl_typesupport_introspection_c.cpython-310-x86_64-linux-gnu.so[0m
[3.793s] [100%] Built target robot_interface__rosidl_typesupport_c__pyext
[3.794s] [100%] Built target robot_interface__rosidl_typesupport_fastrtps_c__pyext
[3.810s] [100%] Built target robot_interface__rosidl_typesupport_introspection_c__pyext
[3.823s] Invoked command in '/home/nemo/ros2_ws/src/robot_mission_recorder/build/robot_interface' returned '0': CMAKE_PREFIX_PATH=${CMAKE_PREFIX_PATH}:/home/nemo/ros2_ws/install/mission_bringup:/home/nemo/ros2_ws/install/mission_py:/home/nemo/ros2_ws/install/actions_py:/home/nemo/install/my_robot_controller:/opt/ros/humble /usr/bin/cmake --build /home/nemo/ros2_ws/src/robot_mission_recorder/build/robot_interface -- -j12 -l12
[3.834s] Invoking command in '/home/nemo/ros2_ws/src/robot_mission_recorder/build/robot_interface': CMAKE_PREFIX_PATH=${CMAKE_PREFIX_PATH}:/home/nemo/ros2_ws/install/mission_bringup:/home/nemo/ros2_ws/install/mission_py:/home/nemo/ros2_ws/install/actions_py:/home/nemo/install/my_robot_controller:/opt/ros/humble /usr/bin/cmake --install /home/nemo/ros2_ws/src/robot_mission_recorder/build/robot_interface
[3.841s] -- Install configuration: ""
[3.843s] -- Installing: /home/nemo/ros2_ws/src/robot_mission_recorder/install/robot_interface/share/ament_index/resource_index/rosidl_interfaces/robot_interface
[3.843s] -- Installing: /home/nemo/ros2_ws/src/robot_mission_recorder/install/robot_interface/include/robot_interface/robot_interface
[3.844s] -- Installing: /home/nemo/ros2_ws/src/robot_mission_recorder/install/robot_interface/include/robot_interface/robot_interface/msg
[3.845s] -- Installing: /home/nemo/ros2_ws/src/robot_mission_recorder/install/robot_interface/include/robot_interface/robot_interface/msg/rosidl_generator_c__visibility_control.h
[3.845s] -- Installing: /home/nemo/ros2_ws/src/robot_mission_recorder/install/robot_interface/include/robot_interface/robot_interface/action
[3.845s] -- Installing: /home/nemo/ros2_ws/src/robot_mission_recorder/install/robot_interface/include/robot_interface/robot_interface/action/execute_mission.h
[3.845s] -- Installing: /home/nemo/ros2_ws/src/robot_mission_recorder/install/robot_interface/include/robot_interface/robot_interface/action/detail
[3.846s] -- Installing: /home/nemo/ros2_ws/src/robot_mission_recorder/install/robot_interface/include/robot_interface/robot_interface/action/detail/execute_mission__struct.h
[3.846s] -- Installing: /home/nemo/ros2_ws/src/robot_mission_recorder/install/robot_interface/include/robot_interface/robot_interface/action/detail/execute_mission__functions.h
[3.846s] -- Installing: /home/nemo/ros2_ws/src/robot_mission_recorder/install/robot_interface/include/robot_interface/robot_interface/action/detail/execute_mission__type_support.h
[3.847s] -- Installing: /home/nemo/ros2_ws/src/robot_mission_recorder/install/robot_interface/include/robot_interface/robot_interface/action/detail/execute_mission__functions.c
[3.848s] -- Installing: /home/nemo/ros2_ws/src/robot_mission_recorder/install/robot_interface/share/robot_interface/environment/library_path.sh
[3.848s] -- Installing: /home/nemo/ros2_ws/src/robot_mission_recorder/install/robot_interface/share/robot_interface/environment/library_path.dsv
[3.848s] -- Installing: /home/nemo/ros2_ws/src/robot_mission_recorder/install/robot_interface/lib/librobot_interface__rosidl_generator_c.so
[3.849s] -- Set runtime path of "/home/nemo/ros2_ws/src/robot_mission_recorder/install/robot_interface/lib/librobot_interface__rosidl_generator_c.so" to ""
[3.849s] -- Up-to-date: /home/nemo/ros2_ws/src/robot_mission_recorder/install/robot_interface/include/robot_interface/robot_interface
[3.849s] -- Up-to-date: /home/nemo/ros2_ws/src/robot_mission_recorder/install/robot_interface/include/robot_interface/robot_interface/msg
[3.849s] -- Installing: /home/nemo/ros2_ws/src/robot_mission_recorder/install/robot_interface/include/robot_interface/robot_interface/msg/rosidl_typesupport_fastrtps_c__visibility_control.h
[3.849s] -- Up-to-date: /home/nemo/ros2_ws/src/robot_mission_recorder/install/robot_interface/include/robot_interface/robot_interface/action
[3.850s] -- Up-to-date: /home/nemo/ros2_ws/src/robot_mission_recorder/install/robot_interface/include/robot_interface/robot_interface/action/detail
[3.850s] -- Installing: /home/nemo/ros2_ws/src/robot_mission_recorder/install/robot_interface/include/robot_interface/robot_interface/action/detail/execute_mission__rosidl_typesupport_fastrtps_c.h
[3.850s] -- Installing: /home/nemo/ros2_ws/src/robot_mission_recorder/install/robot_interface/lib/librobot_interface__rosidl_typesupport_fastrtps_c.so
[3.850s] -- Set runtime path of "/home/nemo/ros2_ws/src/robot_mission_recorder/install/robot_interface/lib/librobot_interface__rosidl_typesupport_fastrtps_c.so" to ""
[3.850s] -- Up-to-date: /home/nemo/ros2_ws/src/robot_mission_recorder/install/robot_interface/include/robot_interface/robot_interface
[3.851s] -- Up-to-date: /home/nemo/ros2_ws/src/robot_mission_recorder/install/robot_interface/include/robot_interface/robot_interface/msg
[3.851s] -- Installing: /home/nemo/ros2_ws/src/robot_mission_recorder/install/robot_interface/include/robot_interface/robot_interface/msg/rosidl_typesupport_introspection_c__visibility_control.h
[3.851s] -- Up-to-date: /home/nemo/ros2_ws/src/robot_mission_recorder/install/robot_interface/include/robot_interface/robot_interface/action
[3.851s] -- Up-to-date: /home/nemo/ros2_ws/src/robot_mission_recorder/install/robot_interface/include/robot_interface/robot_interface/action/detail
[3.851s] -- Installing: /home/nemo/ros2_ws/src/robot_mission_recorder/install/robot_interface/include/robot_interface/robot_interface/action/detail/execute_mission__rosidl_typesupport_introspection_c.h
[3.851s] -- Installing: /home/nemo/ros2_ws/src/robot_mission_recorder/install/robot_interface/include/robot_interface/robot_interface/action/detail/execute_mission__type_support.c
[3.851s] -- Installing: /home/nemo/ros2_ws/src/robot_mission_recorder/install/robot_interface/lib/librobot_interface__rosidl_typesupport_introspection_c.so
[3.852s] -- Set runtime path of "/home/nemo/ros2_ws/src/robot_mission_recorder/install/robot_interface/lib/librobot_interface__rosidl_typesupport_introspection_c.so" to ""
[3.852s] -- Installing: /home/nemo/ros2_ws/src/robot_mission_recorder/install/robot_interface/lib/librobot_interface__rosidl_typesupport_c.so
[3.852s] -- Set runtime path of "/home/nemo/ros2_ws/src/robot_mission_recorder/install/robot_interface/lib/librobot_interface__rosidl_typesupport_c.so" to ""
[3.852s] -- Up-to-date: /home/nemo/ros2_ws/src/robot_mission_recorder/install/robot_interface/include/robot_interface/robot_interface
[3.853s] -- Up-to-date: /home/nemo/ros2_ws/src/robot_mission_recorder/install/robot_interface/include/robot_interface/robot_interface/msg
[3.853s] -- Installing: /home/nemo/ros2_ws/src/robot_mission_recorder/install/robot_interface/include/robot_interface/robot_interface/msg/rosidl_generator_cpp__visibility_control.hpp
[3.853s] -- Up-to-date: /home/nemo/ros2_ws/src/robot_mission_recorder/install/robot_interface/include/robot_interface/robot_interface/action
[3.853s] -- Installing: /home/nemo/ros2_ws/src/robot_mission_recorder/install/robot_interface/include/robot_interface/robot_interface/action/execute_mission.hpp
[3.853s] -- Up-to-date: /home/nemo/ros2_ws/src/robot_mission_recorder/install/robot_interface/include/robot_interface/robot_interface/action/detail
[3.853s] -- Installing: /home/nemo/ros2_ws/src/robot_mission_recorder/install/robot_interface/include/robot_interface/robot_interface/action/detail/execute_mission__type_support.hpp
[3.853s] -- Installing: /home/nemo/ros2_ws/src/robot_mission_recorder/install/robot_interface/include/robot_interface/robot_interface/action/detail/execute_mission__struct.hpp
[3.853s] -- Installing: /home/nemo/ros2_ws/src/robot_mission_recorder/install/robot_interface/include/robot_interface/robot_interface/action/detail/execute_mission__traits.hpp
[3.854s] -- Installing: /home/nemo/ros2_ws/src/robot_mission_recorder/install/robot_interface/include/robot_interface/robot_interface/action/detail/execute_mission__builder.hpp
[3.854s] -- Up-to-date: /home/nemo/ros2_ws/src/robot_mission_recorder/install/robot_interface/include/robot_interface/robot_interface
[3.854s] -- Up-to-date: /home/nemo/ros2_ws/src/robot_mission_recorder/install/robot_interface/include/robot_interface/robot_interface/msg
[3.854s] -- Installing: /home/nemo/ros2_ws/src/robot_mission_recorder/install/robot_interface/include/robot_interface/robot_interface/msg/rosidl_typesupport_fastrtps_cpp__visibility_control.h
[3.854s] -- Up-to-date: /home/nemo/ros2_ws/src/robot_mission_recorder/install/robot_interface/include/robot_interface/robot_interface/action
[3.854s] -- Up-to-date: /home/nemo/ros2_ws/src/robot_mission_recorder/install/robot_interface/include/robot_interface/robot_interface/action/detail
[3.854s] -- Installing: /home/nemo/ros2_ws/src/robot_mission_recorder/install/robot_interface/include/robot_interface/robot_interface/action/detail/dds_fastrtps
[3.855s] -- Installing: /home/nemo/ros2_ws/src/robot_mission_recorder/install/robot_interface/include/robot_interface/robot_interface/action/detail/execute_mission__rosidl_typesupport_fastrtps_cpp.hpp
[3.855s] -- Installing: /home/nemo/ros2_ws/src/robot_mission_recorder/install/robot_interface/lib/librobot_interface__rosidl_typesupport_fastrtps_cpp.so
[3.855s] -- Set runtime path of "/home/nemo/ros2_ws/src/robot_mission_recorder/install/robot_interface/lib/librobot_interface__rosidl_typesupport_fastrtps_cpp.so" to ""
[3.856s] -- Up-to-date: /home/nemo/ros2_ws/src/robot_mission_recorder/install/robot_interface/include/robot_interface/robot_interface
[3.856s] -- Up-to-date: /home/nemo/ros2_ws/src/robot_mission_recorder/install/robot_interface/include/robot_interface/robot_interface/action
[3.856s] -- Up-to-date: /home/nemo/ros2_ws/src/robot_mission_recorder/install/robot_interface/include/robot_interface/robot_interface/action/detail
[3.856s] -- Installing: /home/nemo/ros2_ws/src/robot_mission_recorder/install/robot_interface/include/robot_interface/robot_interface/action/detail/execute_mission__rosidl_typesupport_introspection_cpp.hpp
[3.856s] -- Installing: /home/nemo/ros2_ws/src/robot_mission_recorder/install/robot_interface/include/robot_interface/robot_interface/action/detail/execute_mission__type_support.cpp
[3.856s] -- Installing: /home/nemo/ros2_ws/src/robot_mission_recorder/install/robot_interface/lib/librobot_interface__rosidl_typesupport_introspection_cpp.so
[3.857s] -- Set runtime path of "/home/nemo/ros2_ws/src/robot_mission_recorder/install/robot_interface/lib/librobot_interface__rosidl_typesupport_introspection_cpp.so" to ""
[3.857s] -- Installing: /home/nemo/ros2_ws/src/robot_mission_recorder/install/robot_interface/lib/librobot_interface__rosidl_typesupport_cpp.so
[3.857s] -- Set runtime path of "/home/nemo/ros2_ws/src/robot_mission_recorder/install/robot_interface/lib/librobot_interface__rosidl_typesupport_cpp.so" to ""
[3.857s] -- Installing: /home/nemo/ros2_ws/src/robot_mission_recorder/install/robot_interface/share/robot_interface/environment/pythonpath.sh
[3.857s] -- Installing: /home/nemo/ros2_ws/src/robot_mission_recorder/install/robot_interface/share/robot_interface/environment/pythonpath.dsv
[3.858s] -- Installing: /home/nemo/ros2_ws/src/robot_mission_recorder/install/robot_interface/local/lib/python3.10/dist-packages/robot_interface-0.0.0-py3.10.egg-info
[3.859s] -- Installing: /home/nemo/ros2_ws/src/robot_mission_recorder/install/robot_interface/local/lib/python3.10/dist-packages/robot_interface-0.0.0-py3.10.egg-info/SOURCES.txt
[3.860s] -- Installing: /home/nemo/ros2_ws/src/robot_mission_recorder/install/robot_interface/local/lib/python3.10/dist-packages/robot_interface-0.0.0-py3.10.egg-info/top_level.txt
[3.860s] -- Installing: /home/nemo/ros2_ws/src/robot_mission_recorder/install/robot_interface/local/lib/python3.10/dist-packages/robot_interface-0.0.0-py3.10.egg-info/PKG-INFO
[3.860s] -- Installing: /home/nemo/ros2_ws/src/robot_mission_recorder/install/robot_interface/local/lib/python3.10/dist-packages/robot_interface-0.0.0-py3.10.egg-info/dependency_links.txt
[3.860s] -- Installing: /home/nemo/ros2_ws/src/robot_mission_recorder/install/robot_interface/local/lib/python3.10/dist-packages/robot_interface
[3.861s] -- Installing: /home/nemo/ros2_ws/src/robot_mission_recorder/install/robot_interface/local/lib/python3.10/dist-packages/robot_interface/robot_interface_s__rosidl_typesupport_c.cpython-310-x86_64-linux-gnu.so
[3.861s] -- Installing: /home/nemo/ros2_ws/src/robot_mission_recorder/install/robot_interface/local/lib/python3.10/dist-packages/robot_interface/_robot_interface_s.ep.rosidl_typesupport_fastrtps_c.c
[3.861s] -- Installing: /home/nemo/ros2_ws/src/robot_mission_recorder/install/robot_interface/local/lib/python3.10/dist-packages/robot_interface/_robot_interface_s.ep.rosidl_typesupport_c.c
[3.861s] -- Installing: /home/nemo/ros2_ws/src/robot_mission_recorder/install/robot_interface/local/lib/python3.10/dist-packages/robot_interface/librobot_interface__rosidl_generator_py.so
[3.862s] -- Installing: /home/nemo/ros2_ws/src/robot_mission_recorder/install/robot_interface/local/lib/python3.10/dist-packages/robot_interface/robot_interface_s__rosidl_typesupport_fastrtps_c.cpython-310-x86_64-linux-gnu.so
[3.862s] -- Installing: /home/nemo/ros2_ws/src/robot_mission_recorder/install/robot_interface/local/lib/python3.10/dist-packages/robot_interface/robot_interface_s__rosidl_typesupport_introspection_c.cpython-310-x86_64-linux-gnu.so
[3.862s] -- Installing: /home/nemo/ros2_ws/src/robot_mission_recorder/install/robot_interface/local/lib/python3.10/dist-packages/robot_interface/__init__.py
[3.862s] -- Installing: /home/nemo/ros2_ws/src/robot_mission_recorder/install/robot_interface/local/lib/python3.10/dist-packages/robot_interface/_robot_interface_s.ep.rosidl_typesupport_introspection_c.c
[3.863s] -- Installing: /home/nemo/ros2_ws/src/robot_mission_recorder/install/robot_interface/local/lib/python3.10/dist-packages/robot_interface/action
[3.863s] -- Installing: /home/nemo/ros2_ws/src/robot_mission_recorder/install/robot_interface/local/lib/python3.10/dist-packages/robot_interface/action/_execute_mission_s.c
[3.863s] -- Installing: /home/nemo/ros2_ws/src/robot_mission_recorder/install/robot_interface/local/lib/python3.10/dist-packages/robot_interface/action/_execute_mission.py
[3.863s] -- Installing: /home/nemo/ros2_ws/src/robot_mission_recorder/install/robot_interface/local/lib/python3.10/dist-packages/robot_interface/action/__init__.py
[3.902s] Listing '/home/nemo/ros2_ws/src/robot_mission_recorder/install/robot_interface/local/lib/python3.10/dist-packages/robot_interface'...
[3.902s] Compiling '/home/nemo/ros2_ws/src/robot_mission_recorder/install/robot_interface/local/lib/python3.10/dist-packages/robot_interface/__init__.py'...
[3.902s] Listing '/home/nemo/ros2_ws/src/robot_mission_recorder/install/robot_interface/local/lib/python3.10/dist-packages/robot_interface/action'...
[3.902s] Compiling '/home/nemo/ros2_ws/src/robot_mission_recorder/install/robot_interface/local/lib/python3.10/dist-packages/robot_interface/action/__init__.py'...
[3.902s] Compiling '/home/nemo/ros2_ws/src/robot_mission_recorder/install/robot_interface/local/lib/python3.10/dist-packages/robot_interface/action/_execute_mission.py'...
[3.906s] -- Installing: /home/nemo/ros2_ws/src/robot_mission_recorder/install/robot_interface/local/lib/python3.10/dist-packages/robot_interface/robot_interface_s__rosidl_typesupport_fastrtps_c.cpython-310-x86_64-linux-gnu.so
[3.906s] -- Set runtime path of "/home/nemo/ros2_ws/src/robot_mission_recorder/install/robot_interface/local/lib/python3.10/dist-packages/robot_interface/robot_interface_s__rosidl_typesupport_fastrtps_c.cpython-310-x86_64-linux-gnu.so" to ""
[3.907s] -- Installing: /home/nemo/ros2_ws/src/robot_mission_recorder/install/robot_interface/local/lib/python3.10/dist-packages/robot_interface/robot_interface_s__rosidl_typesupport_introspection_c.cpython-310-x86_64-linux-gnu.so
[3.907s] -- Set runtime path of "/home/nemo/ros2_ws/src/robot_mission_recorder/install/robot_interface/local/lib/python3.10/dist-packages/robot_interface/robot_interface_s__rosidl_typesupport_introspection_c.cpython-310-x86_64-linux-gnu.so" to ""
[3.908s] -- Installing: /home/nemo/ros2_ws/src/robot_mission_recorder/install/robot_interface/local/lib/python3.10/dist-packages/robot_interface/robot_interface_s__rosidl_typesupport_c.cpython-310-x86_64-linux-gnu.so
[3.908s] -- Set runtime path of "/home/nemo/ros2_ws/src/robot_mission_recorder/install/robot_interface/local/lib/python3.10/dist-packages/robot_interface/robot_interface_s__rosidl_typesupport_c.cpython-310-x86_64-linux-gnu.so" to ""
[3.908s] -- Installing: /home/nemo/ros2_ws/src/robot_mission_recorder/install/robot_interface/lib/librobot_interface__rosidl_generator_py.so
[3.909s] -- Set runtime path of "/home/nemo/ros2_ws/src/robot_mission_recorder/install/robot_interface/lib/librobot_interface__rosidl_generator_py.so" to ""
[3.909s] -- Installing: /home/nemo/ros2_ws/src/robot_mission_recorder/install/robot_interface/share/ament_index/resource_index/rust_packages/robot_interface
[3.909s] -- Installing: /home/nemo/ros2_ws/src/robot_mission_recorder/install/robot_interface/share/robot_interface/rust
[3.910s] -- Installing: /home/nemo/ros2_ws/src/robot_mission_recorder/install/robot_interface/share/robot_interface/rust/Cargo.toml
[3.910s] -- Installing: /home/nemo/ros2_ws/src/robot_mission_recorder/install/robot_interface/share/robot_interface/rust/build.rs
[3.910s] -- Installing: /home/nemo/ros2_ws/src/robot_mission_recorder/install/robot_interface/share/robot_interface/rust/src
[3.911s] -- Installing: /home/nemo/ros2_ws/src/robot_mission_recorder/install/robot_interface/share/robot_interface/rust/src/action.rs
[3.911s] -- Installing: /home/nemo/ros2_ws/src/robot_mission_recorder/install/robot_interface/share/robot_interface/rust/src/lib.rs
[3.911s] -- Installing: /home/nemo/ros2_ws/src/robot_mission_recorder/install/robot_interface/share/robot_interface/rust/src/action
[3.912s] -- Installing: /home/nemo/ros2_ws/src/robot_mission_recorder/install/robot_interface/share/robot_interface/rust/src/action/rmw.rs
[3.913s] -- Installing: /home/nemo/ros2_ws/src/robot_mission_recorder/install/robot_interface/share/robot_interface/action/ExecuteMission.idl
[3.913s] -- Installing: /home/nemo/ros2_ws/src/robot_mission_recorder/install/robot_interface/share/robot_interface/action/ExecuteMission.action
[3.913s] -- Installing: /home/nemo/ros2_ws/src/robot_mission_recorder/install/robot_interface/share/ament_index/resource_index/package_run_dependencies/robot_interface
[3.914s] -- Installing: /home/nemo/ros2_ws/src/robot_mission_recorder/install/robot_interface/share/ament_index/resource_index/parent_prefix_path/robot_interface
[3.914s] -- Installing: /home/nemo/ros2_ws/src/robot_mission_recorder/install/robot_interface/share/robot_interface/environment/ament_prefix_path.sh
[3.914s] -- Installing: /home/nemo/ros2_ws/src/robot_mission_recorder/install/robot_interface/share/robot_interface/environment/ament_prefix_path.dsv
[3.915s] -- Installing: /home/nemo/ros2_ws/src/robot_mission_recorder/install/robot_interface/share/robot_interface/environment/path.sh
[3.915s] -- Installing: /home/nemo/ros2_ws/src/robot_mission_recorder/install/robot_interface/share/robot_interface/environment/path.dsv
[3.915s] -- Installing: /home/nemo/ros2_ws/src/robot_mission_recorder/install/robot_interface/share/robot_interface/local_setup.bash
[3.915s] -- Installing: /home/nemo/ros2_ws/src/robot_mission_recorder/install/robot_interface/share/robot_interface/local_setup.sh
[3.915s] -- Installing: /home/nemo/ros2_ws/src/robot_mission_recorder/install/robot_interface/share/robot_interface/local_setup.zsh
[3.916s] -- Installing: /home/nemo/ros2_ws/src/robot_mission_recorder/install/robot_interface/share/robot_interface/local_setup.dsv
[3.916s] -- Installing: /home/nemo/ros2_ws/src/robot_mission_recorder/install/robot_interface/share/robot_interface/package.dsv
[3.916s] -- Installing: /home/nemo/ros2_ws/src/robot_mission_recorder/install/robot_interface/share/ament_index/resource_index/packages/robot_interface
[3.917s] -- Installing: /home/nemo/ros2_ws/src/robot_mission_recorder/install/robot_interface/share/robot_interface/cmake/export_robot_interface__rosidl_generator_cExport.cmake
[3.917s] -- Installing: /home/nemo/ros2_ws/src/robot_mission_recorder/install/robot_interface/share/robot_interface/cmake/export_robot_interface__rosidl_generator_cExport-noconfig.cmake
[3.917s] -- Installing: /home/nemo/ros2_ws/src/robot_mission_recorder/install/robot_interface/share/robot_interface/cmake/export_robot_interface__rosidl_typesupport_fastrtps_cExport.cmake
[3.918s] -- Installing: /home/nemo/ros2_ws/src/robot_mission_recorder/install/robot_interface/share/robot_interface/cmake/export_robot_interface__rosidl_typesupport_fastrtps_cExport-noconfig.cmake
[3.918s] -- Installing: /home/nemo/ros2_ws/src/robot_mission_recorder/install/robot_interface/share/robot_interface/cmake/robot_interface__rosidl_typesupport_introspection_cExport.cmake
[3.918s] -- Installing: /home/nemo/ros2_ws/src/robot_mission_recorder/install/robot_interface/share/robot_interface/cmake/robot_interface__rosidl_typesupport_introspection_cExport-noconfig.cmake
[3.918s] -- Installing: /home/nemo/ros2_ws/src/robot_mission_recorder/install/robot_interface/share/robot_interface/cmake/robot_interface__rosidl_typesupport_cExport.cmake
[3.919s] -- Installing: /home/nemo/ros2_ws/src/robot_mission_recorder/install/robot_interface/share/robot_interface/cmake/robot_interface__rosidl_typesupport_cExport-noconfig.cmake
[3.919s] -- Installing: /home/nemo/ros2_ws/src/robot_mission_recorder/install/robot_interface/share/robot_interface/cmake/export_robot_interface__rosidl_generator_cppExport.cmake
[3.919s] -- Installing: /home/nemo/ros2_ws/src/robot_mission_recorder/install/robot_interface/share/robot_interface/cmake/export_robot_interface__rosidl_typesupport_fastrtps_cppExport.cmake
[3.919s] -- Installing: /home/nemo/ros2_ws/src/robot_mission_recorder/install/robot_interface/share/robot_interface/cmake/export_robot_interface__rosidl_typesupport_fastrtps_cppExport-noconfig.cmake
[3.919s] -- Installing: /home/nemo/ros2_ws/src/robot_mission_recorder/install/robot_interface/share/robot_interface/cmake/robot_interface__rosidl_typesupport_introspection_cppExport.cmake
[3.920s] -- Installing: /home/nemo/ros2_ws/src/robot_mission_recorder/install/robot_interface/share/robot_interface/cmake/robot_interface__rosidl_typesupport_introspection_cppExport-noconfig.cmake
[3.920s] -- Installing: /home/nemo/ros2_ws/src/robot_mission_recorder/install/robot_interface/share/robot_interface/cmake/robot_interface__rosidl_typesupport_cppExport.cmake
[3.920s] -- Installing: /home/nemo/ros2_ws/src/robot_mission_recorder/install/robot_interface/share/robot_interface/cmake/robot_interface__rosidl_typesupport_cppExport-noconfig.cmake
[3.920s] -- Installing: /home/nemo/ros2_ws/src/robot_mission_recorder/install/robot_interface/share/robot_interface/cmake/export_robot_interface__rosidl_generator_pyExport.cmake
[3.920s] -- Installing: /home/nemo/ros2_ws/src/robot_mission_recorder/install/robot_interface/share/robot_interface/cmake/export_robot_interface__rosidl_generator_pyExport-noconfig.cmake
[3.921s] -- Installing: /home/nemo/ros2_ws/src/robot_mission_recorder/install/robot_interface/share/robot_interface/cmake/rosidl_cmake-extras.cmake
[3.921s] -- Installing: /home/nemo/ros2_ws/src/robot_mission_recorder/install/robot_interface/share/robot_interface/cmake/ament_cmake_export_dependencies-extras.cmake
[3.921s] -- Installing: /home/nemo/ros2_ws/src/robot_mission_recorder/install/robot_interface/share/robot_interface/cmake/ament_cmake_export_include_directories-extras.cmake
[3.921s] -- Installing: /home/nemo/ros2_ws/src/robot_mission_recorder/install/robot_interface/share/robot_interface/cmake/ament_cmake_export_libraries-extras.cmake
[3.922s] -- Installing: /home/nemo/ros2_ws/src/robot_mission_recorder/install/robot_interface/share/robot_interface/cmake/ament_cmake_export_targets-extras.cmake
[3.922s] -- Installing: /home/nemo/ros2_ws/src/robot_mission_recorder/install/robot_interface/share/robot_interface/cmake/rosidl_cmake_export_typesupport_targets-extras.cmake
[3.922s] -- Installing: /home/nemo/ros2_ws/src/robot_mission_recorder/install/robot_interface/share/robot_interface/cmake/rosidl_cmake_export_typesupport_libraries-extras.cmake
[3.922s] -- Installing: /home/nemo/ros2_ws/src/robot_mission_recorder/install/robot_interface/share/robot_interface/cmake/robot_interfaceConfig.cmake
[3.922s] -- Installing: /home/nemo/ros2_ws/src/robot_mission_recorder/install/robot_interface/share/robot_interface/cmake/robot_interfaceConfig-version.cmake
[3.923s] -- Installing: /home/nemo/ros2_ws/src/robot_mission_recorder/install/robot_interface/share/robot_interface/package.xml
[3.925s] Invoked command in '/home/nemo/ros2_ws/src/robot_mission_recorder/build/robot_interface' returned '0': CMAKE_PREFIX_PATH=${CMAKE_PREFIX_PATH}:/home/nemo/ros2_ws/install/mission_bringup:/home/nemo/ros2_ws/install/mission_py:/home/nemo/ros2_ws/install/actions_py:/home/nemo/install/my_robot_controller:/opt/ros/humble /usr/bin/cmake --install /home/nemo/ros2_ws/src/robot_mission_recorder/build/robot_interface
